2026-04-13 15:11:53,624 [INFO] flats: Application sent:
4-Zimmer-Wohnung in Friedrichshain
zip code: 10249
flat size: 94.7
rooms: 4.0
property attributes: bad mit wanne, aufzug, balkon
hash: e780262dcc4ca3482f3530f5603048654ab2bea3f5d9d5b8d9082c4f9a6602c8

2026-04-14 16:37:59,481 [INFO] flats: Application sent:
2-Zimmer-Wohnung in Friedrichshain
zip code: 10247
flat size: 50.75
rooms: 2.0
property attributes: bad mit dusche, bad mit fenster, abstellraum
hash: eefa6e8d675d3a620d40a3ad5bb9227b0d0831095afdab080931440ec05ddfa4

2026-04-15 19:51:48,809 [INFO] flats: Application sent:
3-Zimmer-Wohnung in Friedrichshain
zip code: 10245
flat size: 57.84
rooms: 3.0
property attributes: bad mit wanne, bad mit fenster, balkon, abstellraum
hash: f74a306437e7ce77080e5251548fe0d35e4978562f18e6defdad686b54785927

2026-04-16 15:47:48,045 [INFO] flats: Application sent:
2-Zimmer-Wohnung in Friedrichshain mit WBS 160/140/100
zip code: 10247
flat size: 44.97
rooms: 2.0
property attributes: bad mit dusche, aufzug, einbauküche, balkon, wbs, abstellraum
hash: aa1515c6c6a874b584e8c868d5ec345f764b8190ca85f6d5feccab70df98cd50

2026-04-16 18:37:55,846 [INFO] flats: Application sent:
3-Zimmer-Wohnung in Friedrichshain mit WBS 140
zip code: 10249
flat size: 65.18
rooms: 3.0
property attributes: bad mit wanne, aufzug, balkon, wbs
hash: aba4d31ad7633fc6ba8d9d07ae263c7f5401b2aa7564cb99b6adda349a05ca26

2026-04-17 12:02:58,084 [INFO] flats: Application sent:
2-Zimmer-Wohnung in Friedrichshain
zip code: 10249
flat size: 62.34
rooms: 2.0
property attributes: aufzug, einbauküche, barrierearm, balkon
hash: b922f50c25c4b26a741533cd5c1f7305f4769959485673051685afb3c0d5d7f7

2026-04-20 09:17:23,340 [INFO] flats: Application sent:
2-Zimmer-Wohnung in Friedrichshain
zip code: 10249
flat size: 47.49
rooms: 2.0
property attributes: bad mit dusche, aufzug, offene küche, balkon, abstellraum
hash: 26455970eac7c1edea77f0c46d1747375188db0c147c19b546fbe0065b321b8f

2026-04-23 16:57:17,910 [INFO] flats: Application sent:
2-Zimmer-Wohnung in Friedrichshain
zip code: 10249
flat size: 55.88
rooms: 2.0
property attributes: bad mit dusche, aufzug, balkon
hash: 1f05c8a8a2413dee10f2f78bd91ff3e02463392c7f368ab3cb5f279f4f161c84

